Unity Editor version:    2020.3.30f1 (1fb1bf06830e)
Branch:                  2020.3/staging
Build type:              Release
Batch mode:              YES
macOS version:           Version 12.3 (Build 21E230)
Darwin version:          21.4.0
Architecture:            x86_64
Running under Rosetta:   NO
Available memory:        8192 MB
Using pre-set license
Pro License: NO

COMMAND LINE ARGUMENTS:
/Users/aidandolan/Desktop/2020.3.30f1/Unity.app/Contents/MacOS/Unity
-adb2
-batchMode
-noUpm
-name
AssetImportWorker3
-projectPath
/Users/aidandolan/Desktop/Attempt2/Final
-logFile
Logs/AssetImportWorker3.log
-srvPort
51191
Successfully changed project path to: /Users/aidandolan/Desktop/Attempt2/Final
/Users/aidandolan/Desktop/Attempt2/Final
Using Asset Import Pipeline V2.
Refreshing native plugins compatible for Editor in 889.17 ms, found 4 plugins.
Preloading 0 native plugins for Editor in 0.00 ms.
Initialize engine version: 2020.3.30f1 (1fb1bf06830e)
[Subsystems] Discovering subsystems at path /Users/aidandolan/Desktop/2020.3.30f1/Unity.app/Contents/Resources/UnitySubsystems
[Subsystems] Discovering subsystems at path /Users/aidandolan/Desktop/Attempt2/Final/Assets
GfxDevice: creating device client; threaded=0
2022-05-03 23:29:36.321 Unity[66005:2653716] Color LCD preferred device: Intel(R) Iris(TM) Plus Graphics 645 (low power)
2022-05-03 23:29:36.321 Unity[66005:2653716] Metal devices available: 1
2022-05-03 23:29:36.321 Unity[66005:2653716] 0: Intel(R) Iris(TM) Plus Graphics 645 (low power)
2022-05-03 23:29:36.325 Unity[66005:2653716] Using device Intel(R) Iris(TM) Plus Graphics 645 (low power)
Initializing Metal device caps: Intel(R) Iris(TM) Plus Graphics 645
Initialize mono
Mono path[0] = '/Users/aidandolan/Desktop/2020.3.30f1/Unity.app/Contents/Managed'
Mono path[1] = '/Users/aidandolan/Desktop/2020.3.30f1/Unity.app/Contents/MonoBleedingEdge/lib/mono/unityjit'
Mono config path = '/Users/aidandolan/Desktop/2020.3.30f1/Unity.app/Contents/MonoBleedingEdge/etc'
Using monoOptions --debugger-agent=transport=dt_socket,embedding=1,server=y,suspend=n,address=127.0.0.1:56005
Begin MonoManager ReloadAssembly
Registering precompiled unity dll's ...
Register platform support module: /Users/aidandolan/Desktop/2020.3.30f1/Unity.app/Contents/PlaybackEngines/MacStandaloneSupport/UnityEditor.OSXStandalone.Extensions.dll
Registered in 0.003447 seconds.
Native extension for OSXStandalone target not found
Refreshing native plugins compatible for Editor in 685.08 ms, found 4 plugins.
Preloading 0 native plugins for Editor in 0.00 ms.
Mono: successfully reloaded assembly
- Completed reload, in  4.780 seconds
Domain Reload Profiling:
	ReloadAssembly (4785ms)
		BeginReloadAssembly (540ms)
			ExecutionOrderSort (1ms)
			DisableScriptedObjects (0ms)
			BackupInstance (0ms)
			ReleaseScriptingObjects (0ms)
			CreateAndSetChildDomain (27ms)
		EndReloadAssembly (3706ms)
			LoadAssemblies (500ms)
			RebuildTransferFunctionScriptingTraits (23ms)
			SetupTypeCache (1212ms)
			ReleaseScriptCaches (4ms)
			RebuildScriptCaches (367ms)
			SetupLoadedEditorAssemblies (1544ms)
				LogAssemblyErrors (0ms)
				InitializePlatformSupportModulesInManaged (43ms)
				SetLoadedEditorAssemblies (1ms)
				RefreshPlugins (685ms)
				BeforeProcessingInitializeOnLoad (152ms)
				ProcessInitializeOnLoadAttributes (532ms)
				ProcessInitializeOnLoadMethodAttributes (126ms)
				AfterProcessingInitializeOnLoad (0ms)
				EditorAssembliesLoaded (6ms)
			ExecutionOrderSort2 (0ms)
			AwakeInstancesAfterBackupRestoration (0ms)
Platform modules already initialized, skipping
Registering precompiled user dll's ...
Registered in 0.028835 seconds.
Begin MonoManager ReloadAssembly
Native extension for OSXStandalone target not found
Refreshing native plugins compatible for Editor in 1694.51 ms, found 4 plugins.
Preloading 0 native plugins for Editor in 0.00 ms.
